TN:
SF:/home/gab/Desktop/repos/cpp_projects/cresser/src/encoding/lz77encoder.cpp
FN:24,_ZNK14bad_int_values4whatEv
FN:32,_ZN15lz77_encoding_tC2Ectt
FN:54,_Z5splitB5cxx11t
FN:64,_ZN15lz77_encoding_t7toWriteB5cxx11Ev
FN:72,_ZN15lz77_encoding_t11from_stringENSt7__cxx1112basic_stringIcSt11char_traitsIcESaIcEEES5_
FN:108,_Z11lz77_encodeNSt7__cxx1112basic_stringIcSt11char_traitsIcESaIcEEE
FN:150,_Z7combineNSt7__cxx1112basic_stringIcSt11char_traitsIcESaIcEEE
FN:160,_Z11lz77_decodeNSt7__cxx1112basic_stringIcSt11char_traitsIcESaIcEEE
FNDA:7,_Z11lz77_encodeNSt7__cxx1112basic_stringIcSt11char_traitsIcESaIcEEE
FNDA:833,_ZN15lz77_encoding_t7toWriteB5cxx11Ev
FNDA:835,_Z5splitB5cxx11t
FNDA:832,_ZN15lz77_encoding_t11from_stringENSt7__cxx1112basic_stringIcSt11char_traitsIcESaIcEEES5_
FNDA:6,_Z11lz77_decodeNSt7__cxx1112basic_stringIcSt11char_traitsIcESaIcEEE
FNDA:833,_ZN15lz77_encoding_tC2Ectt
FNDA:0,_ZNK14bad_int_values4whatEv
FNDA:1616,_Z7combineNSt7__cxx1112basic_stringIcSt11char_traitsIcESaIcEEE
FNF:8
FNH:7
DA:24,0
DA:26,0
DA:32,833
DA:34,833
DA:41,833
DA:42,0
DA:45,833
DA:46,833
DA:47,833
DA:48,833
DA:49,833
DA:50,833
DA:51,833
DA:52,833
DA:54,835
DA:55,835
DA:56,835
DA:57,835
DA:58,835
DA:59,835
DA:60,835
DA:64,833
DA:65,833
DA:68,1666
DA:69,1666
DA:72,832
DA:76,832
DA:77,832
DA:78,1664
DA:79,1664
DA:80,832
DA:81,6
DA:83,3615
DA:84,3609
DA:86,3609
DA:87,3609
DA:88,3609
DA:90,743
DA:91,110
DA:94,633
DA:96,2866
DA:97,2866
DA:98,2866
DA:99,77
DA:104,6
DA:105,12
DA:108,7
DA:110,7
DA:111,7
DA:112,7
DA:113,7
DA:114,7
DA:116,7
DA:117,7
DA:119,7
DA:120,839
DA:123,838
DA:125,838
DA:126,838
DA:127,838
DA:129,6
DA:132,832
DA:133,832
DA:134,832
DA:136,0
DA:137,0
DA:141,832
DA:142,832
DA:143,832
DA:146,1
DA:150,1616
DA:151,1616
DA:152,1616
DA:153,1616
DA:154,1616
DA:155,1616
DA:156,1616
DA:160,6
DA:161,6
DA:162,1
DA:164,10
DA:166,785
DA:168,780
DA:170,780
DA:171,780
DA:172,780
DA:173,780
DA:174,106
DA:175,106
DA:177,674
DA:178,0
DA:179,0
DA:180,0
DA:181,0
DA:182,0
DA:183,0
DA:186,1348
DA:187,674
DA:188,674
DA:189,674
DA:191,15
DA:192,181
DA:193,166
DA:196,674
DA:198,5
LF:105
LH:94
end_of_record
TN:
SF:/home/gab/Desktop/repos/cpp_projects/cresser/src/encoding/lz77encoder.h
FN:28,_ZN15lz77_encoding_t6lengthEv
FNDA:832,_ZN15lz77_encoding_t6lengthEv
FNF:1
FNH:1
DA:28,832
LF:1
LH:1
end_of_record
TN:
SF:/home/gab/Desktop/repos/cpp_projects/cresser/src/fileio/operations.cpp
FN:23,_Z5rfromNSt7__cxx1112basic_stringIcSt11char_traitsIcESaIcEEE
FN:32,_Z4wrtoNSt7__cxx1112basic_stringIcSt11char_traitsIcESaIcEEES4_
FNDA:1,_Z4wrtoNSt7__cxx1112basic_stringIcSt11char_traitsIcESaIcEEES4_
FNDA:1,_Z5rfromNSt7__cxx1112basic_stringIcSt11char_traitsIcESaIcEEE
FNF:2
FNH:2
DA:23,1
DA:24,2
DA:25,2
DA:26,2
DA:27,1
DA:28,1
DA:29,2
DA:32,1
DA:33,2
DA:34,1
DA:35,1
DA:36,1
DA:38,1
DA:39,1
LF:14
LH:14
end_of_record
TN:
SF:/home/gab/Desktop/repos/cpp_projects/cresser/src/parser/hashtable.h
FN:36,_ZN2ht20hash_table_exceptionC2ENSt7__cxx1112basic_stringIcSt11char_traitsIcESaIcEEE
FN:40,_ZNK2ht20hash_table_exception4whatEv
FN:48,_ZN2ht8opt_pairIN6parser6prefixEiEC2Ev
FN:48,_ZN2ht8opt_pairI3valS1_EC2Ev
FN:48,_ZN2ht8opt_pairI3valNSt7__cxx1112basic_stringIcSt11char_traitsIcESaIcEEEEC2Ev
FN:49,_ZN2ht8opt_pairI3valS1_E5firstEv
FN:49,_ZN2ht8opt_pairI3valNSt7__cxx1112basic_stringIcSt11char_traitsIcESaIcEEEE5firstEv
FN:49,_ZN2ht8opt_pairIN6parser6prefixEiE5firstEv
FN:52,_ZN2ht8opt_pairI3valS1_E6secondEv
FN:52,_ZN2ht8opt_pairIN6parser6prefixEiE6secondEv
FN:52,_ZN2ht8opt_pairI3valNSt7__cxx1112basic_stringIcSt11char_traitsIcESaIcEEEE6secondEv
FN:55,_ZN2ht8opt_pairI3valS1_E7isEmptyEv
FN:55,_ZN2ht8opt_pairI3valNSt7__cxx1112basic_stringIcSt11char_traitsIcESaIcEEEE7isEmptyEv
FN:55,_ZN2ht8opt_pairIN6parser6prefixEiE7isEmptyEv
FN:62,_ZN2ht11hashed_pairIN6parser6prefixEiEC2ES2_i
FN:62,_ZN2ht11hashed_pairI3valS1_EC2ES1_S1_
FN:62,_ZN2ht11hashed_pairI3valNSt7__cxx1112basic_stringIcSt11char_traitsIcESaIcEEEEC2ES1_S7_
FN:67,_ZN2ht11hashed_pairI3valNSt7__cxx1112basic_stringIcSt11char_traitsIcESaIcEEEE7isEmptyEv
FN:67,_ZN2ht11hashed_pairI3valS1_E7isEmptyEv
FN:67,_ZN2ht11hashed_pairIN6parser6prefixEiE7isEmptyEv
FN:69,_ZN2ht11hashed_pairI3valNSt7__cxx1112basic_stringIcSt11char_traitsIcESaIcEEEE5firstEv
FN:69,_ZN2ht11hashed_pairI3valS1_E5firstEv
FN:69,_ZN2ht11hashed_pairIN6parser6prefixEiE5firstEv
FN:72,_ZN2ht11hashed_pairIN6parser6prefixEiE6secondEv
FN:72,_ZN2ht11hashed_pairI3valS1_E6secondEv
FN:72,_ZN2ht11hashed_pairI3valNSt7__cxx1112basic_stringIcSt11char_traitsIcESaIcEEEE6secondEv
FN:98,_ZN2ht9hashtableIN6parser6prefixEiED2Ev
FN:98,_ZN2ht9hashtableI3valS1_ED2Ev
FN:98,_ZN2ht9hashtableI3valS1_ED0Ev
FN:98,_ZN2ht9hashtableI3valNSt7__cxx1112basic_stringIcSt11char_traitsIcESaIcEEEED0Ev
FN:98,_ZN2ht9hashtableI3valNSt7__cxx1112basic_stringIcSt11char_traitsIcESaIcEEEED2Ev
FN:98,_ZN2ht9hashtableIN6parser6prefixEiED0Ev
FN:113,_ZN2ht9hashtableI3valS1_EC2Ev
FN:113,_ZN2ht9hashtableI3valNSt7__cxx1112basic_stringIcSt11char_traitsIcESaIcEEEEC2Ev
FN:113,_ZN2ht9hashtableIN6parser6prefixEiEC2Ev
FN:128,_ZN2ht9hashtableIN6parser6prefixEiE3addES2_i
FN:128,_ZN2ht9hashtableI3valS1_E3addES1_S1_
FN:128,_ZN2ht9hashtableI3valNSt7__cxx1112basic_stringIcSt11char_traitsIcESaIcEEEE3addES1_S7_
FN:187,_ZN2ht9hashtableIN6parser6prefixEiE6searchES2_
FN:187,_ZN2ht9hashtableI3valS1_E6searchES1_
FN:187,_ZN2ht9hashtableI3valNSt7__cxx1112basic_stringIcSt11char_traitsIcESaIcEEEE6searchES1_
FNDA:1,_ZN2ht9hashtableI3valNSt7__cxx1112basic_stringIcSt11char_traitsIcESaIcEEEEC2Ev
FNDA:3550,_ZN2ht8opt_pairI3valS1_EC2Ev
FNDA:1000,_ZN2ht11hashed_pairI3valS1_E6secondEv
FNDA:1000,_ZN2ht9hashtableI3valS1_E3addES1_S1_
FNDA:0,_ZN2ht9hashtableI3valNSt7__cxx1112basic_stringIcSt11char_traitsIcESaIcEEEED0Ev
FNDA:0,_ZN2ht8opt_pairI3valS1_E6secondEv
FNDA:0,_ZN2ht8opt_pairIN6parser6prefixEiE5firstEv
FNDA:20,_ZN2ht8opt_pairI3valNSt7__cxx1112basic_stringIcSt11char_traitsIcESaIcEEEE7isEmptyEv
FNDA:1000,_ZN2ht9hashtableI3valS1_E6searchES1_
FNDA:267036,_ZN2ht11hashed_pairI3valS1_E7isEmptyEv
FNDA:1,_ZN2ht9hashtableIN6parser6prefixEiEC2Ev
FNDA:0,_ZN2ht8opt_pairIN6parser6prefixEiE6secondEv
FNDA:1,_ZN2ht9hashtableI3valNSt7__cxx1112basic_stringIcSt11char_traitsIcESaIcEEEED2Ev
FNDA:0,_ZN2ht9hashtableIN6parser6prefixEiED0Ev
FNDA:10,_ZN2ht9hashtableI3valNSt7__cxx1112basic_stringIcSt11char_traitsIcESaIcEEEE3addES1_S7_
FNDA:265769,_ZN2ht11hashed_pairI3valS1_E5firstEv
FNDA:0,_ZN2ht8opt_pairI3valNSt7__cxx1112basic_stringIcSt11char_traitsIcESaIcEEEE6secondEv
FNDA:7,_ZN2ht11hashed_pairIN6parser6prefixEiE5firstEv
FNDA:10,_ZN2ht9hashtableI3valNSt7__cxx1112basic_stringIcSt11char_traitsIcESaIcEEEE6searchES1_
FNDA:10,_ZN2ht11hashed_pairI3valNSt7__cxx1112basic_stringIcSt11char_traitsIcESaIcEEEEC2ES1_S7_
FNDA:4,_ZN2ht8opt_pairIN6parser6prefixEiE7isEmptyEv
FNDA:7,_ZN2ht11hashed_pairIN6parser6prefixEiE7isEmptyEv
FNDA:40,_ZN2ht8opt_pairI3valNSt7__cxx1112basic_stringIcSt11char_traitsIcESaIcEEEEC2Ev
FNDA:1,_ZN2ht20hash_table_exceptionC2ENSt7__cxx1112basic_stringIcSt11char_traitsIcESaIcEEE
FNDA:10,_ZN2ht11hashed_pairI3valNSt7__cxx1112basic_stringIcSt11char_traitsIcESaIcEEEE6secondEv
FNDA:2270,_ZN2ht8opt_pairI3valS1_E7isEmptyEv
FNDA:7,_ZN2ht9hashtableIN6parser6prefixEiE6searchES2_
FNDA:1,_ZN2ht9hashtableIN6parser6prefixEiED2Ev
FNDA:17,_ZN2ht11hashed_pairI3valNSt7__cxx1112basic_stringIcSt11char_traitsIcESaIcEEEE5firstEv
FNDA:3,_ZN2ht11hashed_pairIN6parser6prefixEiEC2ES2_i
FNDA:0,_ZN2ht8opt_pairI3valS1_E5firstEv
FNDA:24,_ZN2ht11hashed_pairI3valNSt7__cxx1112basic_stringIcSt11char_traitsIcESaIcEEEE7isEmptyEv
FNDA:0,_ZNK2ht20hash_table_exception4whatEv
FNDA:6,_ZN2ht11hashed_pairIN6parser6prefixEiE6secondEv
FNDA:0,_ZN2ht8opt_pairI3valNSt7__cxx1112basic_stringIcSt11char_traitsIcESaIcEEEE5firstEv
FNDA:1000,_ZN2ht11hashed_pairI3valS1_EC2ES1_S1_
FNDA:1,_ZN2ht9hashtableI3valS1_EC2Ev
FNDA:1,_ZN2ht9hashtableI3valS1_ED2Ev
FNDA:13,_ZN2ht8opt_pairIN6parser6prefixEiEC2Ev
FNDA:3,_ZN2ht9hashtableIN6parser6prefixEiE3addES2_i
FNDA:0,_ZN2ht9hashtableI3valS1_ED0Ev
FNF:41
FNH:31
DA:36,1
DA:37,1
DA:38,1
DA:40,0
DA:41,0
DA:48,3603
DA:49,0
DA:50,0
DA:52,0
DA:53,0
DA:55,2294
DA:62,1013
DA:63,1013
DA:64,1013
DA:65,1013
DA:67,267067
DA:69,265793
DA:70,265793
DA:72,1016
DA:73,1016
DA:98,3
DA:113,3
DA:114,3
DA:115,3
DA:116,3
DA:117,33
DA:118,30
DA:120,3
DA:128,1013
DA:129,1013
DA:130,1013
DA:131,1013
DA:135,1288
DA:136,1280
DA:137,6
DA:140,8
DA:141,8
DA:143,8
DA:144,8
DA:145,2568
DA:146,2560
DA:148,1864
DA:149,1856
DA:150,0
DA:152,1856
DA:154,1856
DA:155,1856
DA:156,1856
DA:158,1856
DA:159,1856
DA:161,0
DA:163,0
DA:168,1013
DA:170,1013
DA:171,263933
DA:172,263351
DA:173,263351
DA:175,431
DA:176,431
DA:178,262920
DA:180,0
DA:187,1017
DA:188,1017
DA:189,1018
DA:190,1018
DA:191,1
DA:193,1017
DA:194,1016
DA:197,0
LF:69
LH:58
end_of_record
TN:
SF:/home/gab/Desktop/repos/cpp_projects/cresser/src/parser/parser.cpp
FN:17,_ZN6parser17argument_multimapC2EPPciSt6vectorINS_6prefixESaIS4_EE
FN:44,_ZN6parser17argument_multimap5queryENS_6prefixE
FN:55,_ZN6parser6prefix4hashEi
FNDA:7,_ZN6parser17argument_multimap5queryENS_6prefixE
FNDA:1,_ZN6parser17argument_multimapC2EPPciSt6vectorINS_6prefixESaIS4_EE
FNDA:10,_ZN6parser6prefix4hashEi
FNF:3
FNH:3
DA:17,1
DA:18,1
DA:19,1
DA:20,5
DA:21,4
DA:22,4
DA:23,20
DA:24,16
DA:25,3
DA:27,3
DA:28,0
DA:31,0
DA:34,16
DA:35,0
DA:38,4
DA:42,1
DA:44,7
DA:46,8
DA:47,2
DA:49,1
DA:55,10
DA:57,10
DA:58,30
DA:59,20
DA:60,20
DA:62,10
LF:26
LH:23
end_of_record
TN:
SF:/home/gab/Desktop/repos/cpp_projects/cresser/src/parser/parser.h
FN:28,_ZNK28duplicate_argument_exception4whatEv
FN:34,_ZNK26duplicate_prefix_exception4whatEv
FN:44,_ZN6parser6prefixC2Ev
FN:45,_ZN6parser6prefixC2ENSt7__cxx1112basic_stringIcSt11char_traitsIcESaIcEEE
FN:48,_ZN6parsereqERKNS_6prefixES2_
FNDA:7,_ZN6parsereqERKNS_6prefixES2_
FNDA:0,_ZNK26duplicate_prefix_exception4whatEv
FNDA:3,_ZN6parser6prefixC2Ev
FNDA:0,_ZNK28duplicate_argument_exception4whatEv
FNDA:4,_ZN6parser6prefixC2ENSt7__cxx1112basic_stringIcSt11char_traitsIcESaIcEEE
FNF:5
FNH:3
DA:28,0
DA:29,0
DA:34,0
DA:35,0
DA:44,3
DA:45,4
DA:48,7
DA:49,7
LF:8
LH:4
end_of_record
TN:
SF:/home/gab/Desktop/repos/cpp_projects/cresser/tests/encoding/lz77_encoder_test.cpp
FN:20,_Z5printNSt7__cxx1112basic_stringIcSt11char_traitsIcESaIcEEE
FN:26,main
FN:128,_Z16test_constructorv
FN:143,_Z12test_encoderNSt7__cxx1112basic_stringIcSt11char_traitsIcESaIcEEE
FN:158,_Z10test_splitv
FN:176,_Z11assert_passi
FNDA:1,_Z5printNSt7__cxx1112basic_stringIcSt11char_traitsIcESaIcEEE
FNDA:1,_Z10test_splitv
FNDA:1,main
FNDA:6,_Z12test_encoderNSt7__cxx1112basic_stringIcSt11char_traitsIcESaIcEEE
FNDA:1,_Z16test_constructorv
FNDA:8,_Z11assert_passi
FNF:6
FNH:6
DA:20,1
DA:21,1
DA:22,1
DA:26,1
DA:27,1
DA:28,1
DA:29,1
DA:31,1
DA:32,1
DA:34,1
DA:36,1
DA:38,1
DA:125,1
DA:128,1
DA:129,1
DA:130,1
DA:132,1
DA:133,1
DA:134,1
DA:135,2
DA:136,1
DA:137,1
DA:138,1
DA:139,1
DA:140,2
DA:143,6
DA:144,6
DA:145,12
DA:146,6
DA:147,6
DA:148,0
DA:149,0
DA:150,0
DA:154,12
DA:158,1
DA:159,1
DA:160,1
DA:161,2
DA:162,2
DA:164,1
DA:165,0
DA:167,1
DA:168,1
DA:169,1
DA:170,0
DA:173,1
DA:176,8
DA:177,8
DA:178,0
DA:180,8
LF:50
LH:44
end_of_record
TN:
SF:/home/gab/Desktop/repos/cpp_projects/cresser/tests/fileio/operations_test.cpp
FN:17,main
FN:25,_Z11test_wrfileNSt7__cxx1112basic_stringIcSt11char_traitsIcESaIcEEE
FN:30,_Z11test_rdfileNSt7__cxx1112basic_stringIcSt11char_traitsIcESaIcEEE
FNDA:1,_Z11test_rdfileNSt7__cxx1112basic_stringIcSt11char_traitsIcESaIcEEE
FNDA:1,_Z11test_wrfileNSt7__cxx1112basic_stringIcSt11char_traitsIcESaIcEEE
FNDA:1,main
FNF:3
FNH:3
DA:17,1
DA:19,1
DA:20,1
DA:21,1
DA:22,1
DA:25,1
DA:26,1
DA:27,1
DA:30,1
DA:31,3
DA:32,1
DA:33,0
DA:34,0
DA:35,0
DA:36,0
DA:38,1
LF:16
LH:12
end_of_record
TN:
SF:/home/gab/Desktop/repos/cpp_projects/cresser/tests/parser/argument_multimap_test.cpp
FN:11,main
FNDA:1,main
FNF:1
FNH:1
DA:11,1
DA:13,8
DA:14,1
DA:15,5
DA:18,4
DA:21,4
DA:22,1
DA:24,3
DA:27,1
LF:9
LH:9
end_of_record
TN:
SF:/home/gab/Desktop/repos/cpp_projects/cresser/tests/parser/hashtable_test.cpp
FN:12,_ZN3valC2Ev
FN:15,_ZN3valC2Ei
FN:19,_ZN3val4hashEm
FN:22,_ZeqRK3valS1_
FN:47,main
FN:61,_Z14test_hashtablePiPNSt7__cxx1112basic_stringIcSt11char_traitsIcESaIcEEEm
FN:75,_Z19test_hashtable_iterP3valm
FNDA:3010,_ZN3valC2Ev
FNDA:1,main
FNDA:3876,_ZN3val4hashEm
FNDA:1,_Z14test_hashtablePiPNSt7__cxx1112basic_stringIcSt11char_traitsIcESaIcEEEm
FNDA:1,_Z19test_hashtable_iterP3valm
FNDA:1020,_ZN3valC2Ei
FNDA:264930,_ZeqRK3valS1_
FNF:7
FNH:7
DA:12,3010
DA:13,3010
DA:14,3010
DA:15,1020
DA:16,1020
DA:17,1020
DA:19,3876
DA:20,3876
DA:22,264930
DA:23,264930
DA:47,1
DA:52,1001
DA:53,1001
DA:54,1000
DA:57,1
DA:58,1
DA:61,1
DA:62,11
DA:63,10
DA:64,10
DA:66,11
DA:67,10
DA:68,10
DA:69,0
DA:72,1
DA:75,1
DA:76,2
DA:77,1001
DA:78,1000
DA:80,1001
DA:81,1000
DA:82,0
DA:85,1
LF:33
LH:31
end_of_record
